#
# There is insufficient memory for the Java Runtime Environment to continue.
# Native memory allocation (mmap) failed to map 132120576 bytes for G1 virtual space
# Possible reasons:
#   The system is out of physical RAM or swap space
#   The process is running with CompressedOops enabled, and the Java Heap may be blocking the growth of the native heap
# Possible solutions:
#   Reduce memory load on the system
#   Increase physical memory or swap space
#   Check if swap backing store is full
#   Decrease Java heap size (-Xmx/-Xms)
#   Decrease number of Java threads
#   Decrease Java thread stack sizes (-Xss)
#   Set larger code cache with -XX:ReservedCodeCacheSize=
#   JVM is running with Unscaled Compressed Oops mode in which the Java heap is
#     placed in the first 4GB address space. The Java Heap base address is the
#     maximum limit for the native heap growth. Please use -XX:HeapBaseMinAddress
#     to set the Java Heap base and to place the Java Heap above 4GB virtual address.
# This output file may be truncated or incomplete.
#
#  Out of Memory Error (os_windows.cpp:3825), pid=12748, tid=15588
#
# JRE version:  (17.0.9+7) (build )
# Java VM: OpenJDK 64-Bit Server VM (17.0.9+7-b1087.7, mixed mode, sharing, tiered, compressed oops, compressed class ptrs, g1 gc, windows-amd64)
# No core dump will be written. Minidumps are not enabled by default on client versions of Windows
#

---------------  S U M M A R Y ------------

Command Line: git4idea.http.GitAskPassApp Username for 'https://github.com': 

Host: Intel(R) Core(TM) i5-9300H CPU @ 2.40GHz, 8 cores, 7G,  Windows 11 , 64 bit Build 22621 (10.0.22621.2506)
Time: Mon Jan  8 14:05:15 2024  Windows 11 , 64 bit Build 22621 (10.0.22621.2506) elapsed time: 0.035344 seconds (0d 0h 0m 0s)

---------------  T H R E A D  ---------------

Current thread (0x000001c3c9a185e0):  JavaThread "Unknown thread" [_thread_in_vm, id=15588, stack(0x0000004e03500000,0x0000004e03600000)]

Stack: [0x0000004e03500000,0x0000004e03600000]
Native frames: (J=compiled Java code, j=interpreted, Vv=VM code, C=native code)
V  [jvm.dll+0x6886e9]
V  [jvm.dll+0x841e4a]
V  [jvm.dll+0x843a8e]
V  [jvm.dll+0x8440f3]
V  [jvm.dll+0x24c14f]
V  [jvm.dll+0x685499]
V  [jvm.dll+0x679c2a]
V  [jvm.dll+0x30cf9b]
V  [jvm.dll+0x314446]
V  [jvm.dll+0x36425e]
V  [jvm.dll+0x36448f]
V  [jvm.dll+0x2e2d68]
V  [jvm.dll+0x2e3cd4]
V  [jvm.dll+0x8129f1]
V  [jvm.dll+0x3720c1]
V  [jvm.dll+0x7f152c]
V  [jvm.dll+0x3f5d4f]
V  [jvm.dll+0x3f7981]
C  [jli.dll+0x528f]
C  [ucrtbase.dll+0x29363]
C  [KERNEL32.DLL+0x1257d]
C  [ntdll.dll+0x5aa58]


---------------  P R O C E S S  ---------------

Threads class SMR info:
_java_thread_list=0x00007ff9f717ef18, length=0, elements={
}

Java Threads: ( => current thread )

Other Threads:
  0x000001c3c9a71660 GCTaskThread "GC Thread#0" [stack: 0x0000004e03600000,0x0000004e03700000] [id=17836]
  0x000001c3c9a821b0 ConcurrentGCThread "G1 Main Marker" [stack: 0x0000004e03700000,0x0000004e03800000] [id=9820]
  0x000001c3c9a82bd0 ConcurrentGCThread "G1 Conc#0" [stack: 0x0000004e03800000,0x0000004e03900000] [id=6388]

[error occurred during error reporting (printing all threads), id 0xc0000005, EXCEPTION_ACCESS_VIOLATION (0xc0000005) at pc=0x00007ff9f6933937]

VM state: not at safepoint (not fully initialized)

VM Mutex/Monitor currently owned by a thread:  ([mutex/lock_event])
[0x000001c3c9a17540] Heap_lock - owner thread: 0x000001c3c9a185e0

Heap address: 0x0000000082000000, size: 2016 MB, Compressed Oops mode: 32-bit

CDS archive(s) mapped at: [0x0000000000000000-0x0000000000000000-0x0000000000000000), size 0, SharedBaseAddress: 0x0000000800000000, ArchiveRelocationMode: 1.
Narrow klass base: 0x0000000000000000, Narrow klass shift: 0, Narrow klass range: 0x0

GC Precious Log:
<Empty>

Heap:
 garbage-first heap   total 0K, used 0K [0x0000000082000000, 0x0000000100000000)
  region size 1024K, 0 young (0K), 0 survivors (0K)
 Metaspace       used 0K, committed 0K, reserved 0K
  class space    used 0K, committed 0K, reserved 0K

Heap Regions: E=young(eden), S=young(survivor), O=old, HS=humongous(starts), HC=humongous(continues), CS=collection set, F=free, OA=open archive, CA=closed archive, TAMS=top-at-mark-start (previous, next)

Card table byte_map: [0x000001c3dc8b0000,0x000001c3dcca0000] _byte_map_base: 0x000001c3dc4a0000

Marking Bits (Prev, Next): (CMBitMap*) 0x000001c3c9a71c80, (CMBitMap*) 0x000001c3c9a71cc0
 Prev Bits: [0x000001c3dd090000, 0x000001c3df010000)
 Next Bits: [0x000001c3df010000, 0x000001c3e0f90000)

GC Heap History (0 events):
No events

Dll operation events (1 events):
Event: 0.019 Loaded shared library C:\Users\New\AppData\Local\JetBrains\GoLand 2023.3.1\jbr\bin\java.dll

Deoptimization events (0 events):
No events

Classes unloaded (0 events):
No events

Classes redefined (0 events):
No events

Internal exceptions (0 events):
No events

VM Operations (0 events):
No events

Events (0 events):
No events


Dynamic libraries:
0x00007ff6081e0000 - 0x00007ff6081ea000 	C:\Users\New\AppData\Local\JetBrains\GoLand 2023.3.1\jbr\bin\java.exe
0x00007ffa37090000 - 0x00007ffa372a7000 	C:\Windows\SYSTEM32\ntdll.dll
0x00007ffa360f0000 - 0x00007ffa361b4000 	C:\Windows\System32\KERNEL32.DLL
0x00007ffa34850000 - 0x00007ffa34bf7000 	C:\Windows\System32\KERNELBASE.dll
0x00007ffa34730000 - 0x00007ffa34841000 	C:\Windows\System32\ucrtbase.dll
0x00007ffa22530000 - 0x00007ffa22547000 	C:\Users\New\AppData\Local\JetBrains\GoLand 2023.3.1\jbr\bin\jli.dll
0x00007ffa1d5f0000 - 0x00007ffa1d60b000 	C:\Users\New\AppData\Local\JetBrains\GoLand 2023.3.1\jbr\bin\VCRUNTIME140.dll
0x00007ffa35cd0000 - 0x00007ffa35e7e000 	C:\Windows\System32\USER32.dll
0x00007ffa34410000 - 0x00007ffa34436000 	C:\Windows\System32\win32u.dll
0x00007ffa36b40000 - 0x00007ffa36b69000 	C:\Windows\System32\GDI32.dll
0x00007ffa34610000 - 0x00007ffa34729000 	C:\Windows\System32\gdi32full.dll
0x00007ffa34440000 - 0x00007ffa344da000 	C:\Windows\System32\msvcp_win.dll
0x00007ffa22e50000 - 0x00007ffa230e3000 	C:\Windows\WinSxS\amd64_microsoft.windows.common-controls_6595b64144ccf1df_6.0.22621.2506_none_270c5ae97388e100\COMCTL32.dll
0x00007ffa365f0000 - 0x00007ffa36697000 	C:\Windows\System32\msvcrt.dll
0x00007ffa36b00000 - 0x00007ffa36b31000 	C:\Windows\System32\IMM32.DLL
0x00007ffa24640000 - 0x00007ffa2464c000 	C:\Users\New\AppData\Local\JetBrains\GoLand 2023.3.1\jbr\bin\vcruntime140_1.dll
0x00007ff9fe2a0000 - 0x00007ff9fe32d000 	C:\Users\New\AppData\Local\JetBrains\GoLand 2023.3.1\jbr\bin\msvcp140.dll
0x00007ff9f6640000 - 0x00007ff9f72c3000 	C:\Users\New\AppData\Local\JetBrains\GoLand 2023.3.1\jbr\bin\server\jvm.dll
0x00007ffa36a50000 - 0x00007ffa36b00000 	C:\Windows\System32\ADVAPI32.dll
0x00007ffa35e80000 - 0x00007ffa35f26000 	C:\Windows\System32\sechost.dll
0x00007ffa361c0000 - 0x00007ffa362d7000 	C:\Windows\System32\RPCRT4.dll
0x00007ffa33b80000 - 0x00007ffa33bcd000 	C:\Windows\SYSTEM32\POWRPROF.dll
0x00007ffa18670000 - 0x00007ffa18679000 	C:\Windows\SYSTEM32\WSOCK32.dll
0x00007ffa2d3a0000 - 0x00007ffa2d3d4000 	C:\Windows\SYSTEM32\WINMM.dll
0x00007ffa369d0000 - 0x00007ffa36a41000 	C:\Windows\System32\WS2_32.dll
0x00007ffa2d3e0000 - 0x00007ffa2d3ea000 	C:\Windows\SYSTEM32\VERSION.dll
0x00007ffa33a00000 - 0x00007ffa33a13000 	C:\Windows\SYSTEM32\UMPDC.dll
0x00007ffa333b0000 - 0x00007ffa333c8000 	C:\Windows\SYSTEM32\kernel.appcore.dll
0x00007ffa24ee0000 - 0x00007ffa24eea000 	C:\Users\New\AppData\Local\JetBrains\GoLand 2023.3.1\jbr\bin\jimage.dll
0x00007ffa31d50000 - 0x00007ffa31f83000 	C:\Windows\SYSTEM32\DBGHELP.DLL
0x00007ffa34df0000 - 0x00007ffa35179000 	C:\Windows\System32\combase.dll
0x00007ffa36750000 - 0x00007ffa36827000 	C:\Windows\System32\OLEAUT32.dll
0x00007ffa23150000 - 0x00007ffa23182000 	C:\Windows\SYSTEM32\dbgcore.DLL
0x00007ffa34c00000 - 0x00007ffa34c7a000 	C:\Windows\System32\bcryptPrimitives.dll
0x00007ffa246b0000 - 0x00007ffa246d5000 	C:\Users\New\AppData\Local\JetBrains\GoLand 2023.3.1\jbr\bin\java.dll

dbghelp: loaded successfully - version: 4.0.5 - missing functions: none
symbol engine: initialized successfully - sym options: 0x614 - pdb path: .;C:\Users\New\AppData\Local\JetBrains\GoLand 2023.3.1\jbr\bin;C:\Windows\SYSTEM32;C:\Windows\WinSxS\amd64_microsoft.windows.common-controls_6595b64144ccf1df_6.0.22621.2506_none_270c5ae97388e100;C:\Users\New\AppData\Local\JetBrains\GoLand 2023.3.1\jbr\bin\server

VM Arguments:
java_command: git4idea.http.GitAskPassApp Username for 'https://github.com': 
java_class_path (initial): C:/Users/New/AppData/Local/JetBrains/GoLand 2023.3.1/plugins/vcs-git/lib/git4idea-rt.jar;C:/Users/New/AppData/Local/JetBrains/GoLand 2023.3.1/lib/externalProcess-rt.jar
Launcher Type: SUN_STANDARD

[Global flags]
     intx CICompilerCount                          = 4                                         {product} {ergonomic}
     uint ConcGCThreads                            = 2                                         {product} {ergonomic}
     uint G1ConcRefinementThreads                  = 8                                         {product} {ergonomic}
   size_t G1HeapRegionSize                         = 1048576                                   {product} {ergonomic}
    uintx GCDrainStackTargetSize                   = 64                                        {product} {ergonomic}
   size_t InitialHeapSize                          = 132120576                                 {product} {ergonomic}
   size_t MarkStackSize                            = 4194304                                   {product} {ergonomic}
   size_t MaxHeapSize                              = 2113929216                                {product} {ergonomic}
   size_t MinHeapDeltaBytes                        = 1048576                                   {product} {ergonomic}
   size_t MinHeapSize                              = 8388608                                   {product} {ergonomic}
    uintx NonNMethodCodeHeapSize                   = 5839372                                {pd product} {ergonomic}
    uintx NonProfiledCodeHeapSize                  = 122909434                              {pd product} {ergonomic}
    uintx ProfiledCodeHeapSize                     = 122909434                              {pd product} {ergonomic}
    uintx ReservedCodeCacheSize                    = 251658240                              {pd product} {ergonomic}
     bool SegmentedCodeCache                       = true                                      {product} {ergonomic}
   size_t SoftMaxHeapSize                          = 2113929216                             {manageable} {ergonomic}
     bool UseCompressedClassPointers               = true                           {product lp64_product} {ergonomic}
     bool UseCompressedOops                        = true                           {product lp64_product} {ergonomic}
     bool UseG1GC                                  = true                                      {product} {ergonomic}
     bool UseLargePagesIndividualAllocation        = false                                  {pd product} {ergonomic}

Logging:
Log output configuration:
 #0: stdout all=warning uptime,level,tags
 #1: stderr all=off uptime,level,tags

Environment Variables:
PATH=C:\Program Files\Git\mingw64\libexec\git-core;C:\Program Files\Git\mingw64\libexec\git-core;C:\Program Files\Git\mingw64\bin;C:\Program Files\Git\usr\bin;C:\Users\New\bin;C:\Program Files\Common Files\Oracle\Java\javapath;C:\Program Files (x86)\Common Files\Oracle\Java\javapath;C:\Windows\system32;C:\Windows;C:\Windows\System32\Wbem;C:\Windows\System32\WindowsPowerShell\v1.0;C:\Windows\System32\OpenSSH;C:\Program Files\Git\cmd;C:\Program Files (x86)\NVIDIA Corporation\PhysX\Common;C:\Program Files\nodejs;C:\Users\New\AppData\Local\Programs\Python\Python312\Scripts;C:\Users\New\AppData\Local\Programs\Python\Python312;C:\Users\New\AppData\Local\Programs\Python\Launcher;C:\Users\New\AppData\Local\Microsoft\WindowsApps;C:\Program Files\Java\jdk-21\bin;C:\Users\New\AppData\Roaming\npm;C:\Users\New\AppData\Local\Programs\Microsoft VS Code\bin;C:\Program Files\MongoDB\Server\7.0\bin;C:\Users\New\AppData\Local\Programs\mongosh;C:\Users\New\AppData\Local\Programs\Hyper\resources\bin
USERNAME=New
DISPLAY=:0.0
LC_ALL=en_US.UTF-8
TERM=xterm-256color
TMPDIR=C:\Users\New\AppData\Local\Temp
OS=Windows_NT
PROCESSOR_IDENTIFIER=Intel64 Family 6 Model 158 Stepping 10, GenuineIntel
TMP=C:\Users\New\AppData\Local\Temp
TEMP=C:\Users\New\AppData\Local\Temp



Periodic native trim disabled

JNI global refs:
JNI global refs: 0, weak refs: 0

JNI global refs memory usage: 0, weak refs: 0

OOME stack traces (most recent first):
Classloader memory used:


---------------  S Y S T E M  ---------------

OS:
 Windows 11 , 64 bit Build 22621 (10.0.22621.2506)
OS uptime: 3 days 22:23 hours
Hyper-V role detected

CPU: total 8 (initial active 8) (4 cores per cpu, 2 threads per core) family 6 model 158 stepping 10 microcode 0xf0, cx8, cmov, fxsr, ht, mmx, 3dnowpref, sse, sse2, sse3, ssse3, sse4.1, sse4.2, popcnt, lzcnt, tsc, tscinvbit, avx, avx2, aes, erms, clmul, bmi1, bmi2, adx, fma, vzeroupper, clflush, clflushopt, hv
Processor Information for all 8 processors :
  Max Mhz: 2400, Current Mhz: 2400, Mhz Limit: 2400

Memory: 4k page, system-wide physical 8063M (606M free)
TotalPageFile size 23325M (AvailPageFile size 119M)
current process WorkingSet (physical memory assigned to process): 11M, peak: 11M
current process commit charge ("private bytes"): 60M, peak: 186M

vm_info: OpenJDK 64-Bit Server VM (17.0.9+7-b1087.7) for windows-amd64 JRE (17.0.9+7-b1087.7), built on 2023-11-17 by "builduser" with MS VC++ 16.10 / 16.11 (VS2019)

END.
